<?xml version="1.0" encoding="UTF-8"?>
<!-- Generated by org.testng.reporters.JUnitReportReporter -->
<testsuite skipped="0" hostname="LAPTOP-2L08DKMT" name="com.qa.tests.DemoTest" tests="4" failures="0" timestamp="2022-02-02T20:19:29 IST" time="0.013" errors="0">
  <testcase name="sub" time="0.002" classname="com.qa.tests.DemoTest"/>
  <system-out/>
  <testcase name="div" time="0.004" classname="com.qa.tests.DemoTest"/>
  <system-out/>
  <testcase name="mul" time="0.003" classname="com.qa.tests.DemoTest"/>
  <system-out/>
  <testcase name="sum" time="0.004" classname="com.qa.tests.DemoTest"/>
  <system-out/>
</testsuite> <!-- com.qa.tests.DemoTest -->
