<?xml version="1.0" encoding="UTF-8"?>
<!-- Generated by org.testng.reporters.JUnitReportReporter -->
<testsuite skipped="0" hostname="LAPTOP-2L08DKMT" name="com.qa.tests.DemoTest3" tests="4" failures="0" timestamp="2022-02-02T20:19:29 IST" time="0.015" errors="0">
  <testcase name="sum" time="0.002" classname="com.qa.tests.DemoTest3"/>
  <system-out/>
  <testcase name="mul" time="0.002" classname="com.qa.tests.DemoTest3"/>
  <system-out/>
  <testcase name="div" time="0.010" classname="com.qa.tests.DemoTest3"/>
  <system-out/>
  <testcase name="sub" time="0.001" classname="com.qa.tests.DemoTest3"/>
  <system-out/>
</testsuite> <!-- com.qa.tests.DemoTest3 -->
